<?xml version="1.0" encoding="UTF-8"?>
<!-- Generated by org.testng.reporters.JUnitXMLReporter -->
<testsuite hostname="Anie" ignored="7" name="Default test" tests="1" failures="0" timestamp="24 Dec 2017 18:55:48 GMT" time="25.473" errors="0">
  <testcase name="task6" time="16.241" classname="by.http.tstng.tstng_study.AppTestcssLocator"/>
  <testcase name="task5" time="0.0" classname="by.http.tstng.tstng_study.AppTestcssLocator">
    <ignored/>
  </testcase> <!-- task5 -->
  <testcase name="test1" time="0.0" classname="by.http.tstng.tstng_study.AppTestcssLocator">
    <ignored/>
  </testcase> <!-- test1 -->
  <testcase name="task2" time="0.0" classname="by.http.tstng.tstng_study.AppTestcssLocator">
    <ignored/>
  </testcase> <!-- task2 -->
  <testcase name="task1" time="0.0" classname="by.http.tstng.tstng_study.AppTestcssLocator">
    <ignored/>
  </testcase> <!-- task1 -->
  <testcase name="task4" time="0.0" classname="by.http.tstng.tstng_study.AppTestcssLocator">
    <ignored/>
  </testcase> <!-- task4 -->
  <testcase name="task5OneMoreTestPlus" time="0.0" classname="by.http.tstng.tstng_study.AppTestcssLocator">
    <ignored/>
  </testcase> <!-- task5OneMoreTestPlus -->
  <testcase name="task5OneMoreTest" time="0.0" classname="by.http.tstng.tstng_study.AppTestcssLocator">
    <ignored/>
  </testcase> <!-- task5OneMoreTest -->
</testsuite> <!-- Default test -->
